Performing C++ SOURCE FILE Test CMAKE_HAVE_LIBC_PTHREAD failed with the following output:
Change Dir: /home/koki/ros_catkin_ws/build_isolated/class_loader/CMakeFiles/CMakeTmp

Run Build Command(s):/usr/bin/make cmTC_1b28d/fast && /usr/bin/make  -f CMakeFiles/cmTC_1b28d.dir/build.make CMakeFiles/cmTC_1b28d.dir/build
make[1]: Entering directory '/home/koki/ros_catkin_ws/build_isolated/class_loader/CMakeFiles/CMakeTmp'
Building CXX object CMakeFiles/cmTC_1b28d.dir/src.cxx.o
/usr/bin/c++   -DCMAKE_HAVE_LIBC_PTHREAD -o CMakeFiles/cmTC_1b28d.dir/src.cxx.o -c /home/koki/ros_catkin_ws/build_isolated/class_loader/CMakeFiles/CMakeTmp/src.cxx
Linking CXX executable cmTC_1b28d
/home/koki/.local/lib/python3.6/site-packages/cmake/data/bin/cmake -E cmake_link_script CMakeFiles/cmTC_1b28d.dir/link.txt --verbose=1
/usr/bin/c++  -DCMAKE_HAVE_LIBC_PTHREAD CMakeFiles/cmTC_1b28d.dir/src.cxx.o -o cmTC_1b28d 
CMakeFiles/cmTC_1b28d.dir/src.cxx.o: In function `main':
src.cxx:(.text+0x3e): undefined reference to `pthread_create'
src.cxx:(.text+0x4a): undefined reference to `pthread_detach'
src.cxx:(.text+0x56): undefined reference to `pthread_cancel'
src.cxx:(.text+0x67): undefined reference to `pthread_join'
src.cxx:(.text+0x7b): undefined reference to `pthread_atfork'
collect2: error: ld returned 1 exit status
CMakeFiles/cmTC_1b28d.dir/build.make:105: recipe for target 'cmTC_1b28d' failed
make[1]: *** [cmTC_1b28d] Error 1
make[1]: Leaving directory '/home/koki/ros_catkin_ws/build_isolated/class_loader/CMakeFiles/CMakeTmp'
Makefile:140: recipe for target 'cmTC_1b28d/fast' failed
make: *** [cmTC_1b28d/fast] Error 2


Source file was:
#include <pthread.h>

void* test_func(void* data)
{
  return data;
}

int main(void)
{
  pthread_t thread;
  pthread_create(&thread, NULL, test_func, NULL);
  pthread_detach(thread);
  pthread_cancel(thread);
  pthread_join(thread, NULL);
  pthread_atfork(NULL, NULL, NULL);
  pthread_exit(NULL);

  return 0;
}

Determining if the function pthread_create exists in the pthreads failed with the following output:
Change Dir: /home/koki/ros_catkin_ws/build_isolated/class_loader/CMakeFiles/CMakeTmp

Run Build Command(s):/usr/bin/make cmTC_b622d/fast && /usr/bin/make  -f CMakeFiles/cmTC_b622d.dir/build.make CMakeFiles/cmTC_b622d.dir/build
make[1]: Entering directory '/home/koki/ros_catkin_ws/build_isolated/class_loader/CMakeFiles/CMakeTmp'
Building CXX object CMakeFiles/cmTC_b622d.dir/CheckFunctionExists.cxx.o
/usr/bin/c++   -DCHECK_FUNCTION_EXISTS=pthread_create -o CMakeFiles/cmTC_b622d.dir/CheckFunctionExists.cxx.o -c /home/koki/ros_catkin_ws/build_isolated/class_loader/CMakeFiles/CheckLibraryExists/CheckFunctionExists.cxx
Linking CXX executable cmTC_b622d
/home/koki/.local/lib/python3.6/site-packages/cmake/data/bin/cmake -E cmake_link_script CMakeFiles/cmTC_b622d.dir/link.txt --verbose=1
/usr/bin/c++  -DCHECK_FUNCTION_EXISTS=pthread_create CMakeFiles/cmTC_b622d.dir/CheckFunctionExists.cxx.o -o cmTC_b622d  -lpthreads 
/usr/bin/ld: cannot find -lpthreads
collect2: error: ld returned 1 exit status
CMakeFiles/cmTC_b622d.dir/build.make:105: recipe for target 'cmTC_b622d' failed
make[1]: *** [cmTC_b622d] Error 1
make[1]: Leaving directory '/home/koki/ros_catkin_ws/build_isolated/class_loader/CMakeFiles/CMakeTmp'
Makefile:140: recipe for target 'cmTC_b622d/fast' failed
make: *** [cmTC_b622d/fast] Error 2



